C:\USERS\KSENIA\DOCUMENTS\VISUAL STUDIO 2012\PROJECTS\PROJECTOPENCL_1\X64\DEBUG\MAIN.OBJ
C:\USERS\KSENIA\DOCUMENTS\VISUAL STUDIO 2012\PROJECTS\PROJECTOPENCL_1\X64\DEBUG\VC110.PDB
C:\Users\Ksenia\Documents\Visual Studio 2012\Projects\ProjectOpenCL_1\x64\Debug\main.obj
C:\Users\Ksenia\Documents\Visual Studio 2012\Projects\ProjectOpenCL_1\x64\Debug\cl.command.1.tlog
C:\Users\Ksenia\Documents\Visual Studio 2012\Projects\ProjectOpenCL_1\x64\Debug\CL.read.1.tlog
C:\Users\Ksenia\Documents\Visual Studio 2012\Projects\ProjectOpenCL_1\x64\Debug\CL.write.1.tlog
C:\Users\Ksenia\Documents\Visual Studio 2012\Projects\ProjectOpenCL_1\x64\Debug\link-cvtres.read.1.tlog
C:\Users\Ksenia\Documents\Visual Studio 2012\Projects\ProjectOpenCL_1\x64\Debug\link-cvtres.write.1.tlog
C:\Users\Ksenia\Documents\Visual Studio 2012\Projects\ProjectOpenCL_1\x64\Debug\link-rc.read.1.tlog
C:\Users\Ksenia\Documents\Visual Studio 2012\Projects\ProjectOpenCL_1\x64\Debug\link-rc.write.1.tlog
C:\Users\Ksenia\Documents\Visual Studio 2012\Projects\ProjectOpenCL_1\x64\Debug\link.13096-cvtres.read.1.tlog
C:\Users\Ksenia\Documents\Visual Studio 2012\Projects\ProjectOpenCL_1\x64\Debug\link.13096-cvtres.write.1.tlog
C:\Users\Ksenia\Documents\Visual Studio 2012\Projects\ProjectOpenCL_1\x64\Debug\link.13096-rc.read.1.tlog
C:\Users\Ksenia\Documents\Visual Studio 2012\Projects\ProjectOpenCL_1\x64\Debug\link.13096-rc.write.1.tlog
C:\Users\Ksenia\Documents\Visual Studio 2012\Projects\ProjectOpenCL_1\x64\Debug\link.13096.read.1.tlog
C:\Users\Ksenia\Documents\Visual Studio 2012\Projects\ProjectOpenCL_1\x64\Debug\link.13096.write.1.tlog
C:\Users\Ksenia\Documents\Visual Studio 2012\Projects\ProjectOpenCL_1\x64\Debug\link.command.1.tlog
C:\Users\Ksenia\Documents\Visual Studio 2012\Projects\ProjectOpenCL_1\x64\Debug\link.read.1.tlog
C:\Users\Ksenia\Documents\Visual Studio 2012\Projects\ProjectOpenCL_1\x64\Debug\link.write.1.tlog
C:\Users\Ksenia\Documents\Visual Studio 2012\Projects\ProjectOpenCL_1\x64\Debug\vc110.idb
C:\Users\Ksenia\Documents\Visual Studio 2012\Projects\ProjectOpenCL_1\x64\Debug\ProjectOpenCL_1.pdb
C:\Users\Ksenia\Documents\Visual Studio 2012\Projects\ProjectOpenCL_1\x64\Debug\vc110.pdb
